<?xml version="1.0" encoding="UTF-8"?>
<!-- Generated by org.testng.reporters.JUnitReportReporter -->
<testsuite hostname="Ragavi" failures="0" tests="1" name="com.wecare.AdminTest.AddDoctor_Test" time="16.677" errors="0" timestamp="2024-09-24T18:04:22 IST" skipped="0">
  <testcase classname="com.wecare.AdminTest.AddDoctor_Test" name="addDoctor" time="16.677"/>
  <system-out/>
</testsuite> <!-- com.wecare.AdminTest.AddDoctor_Test -->
