<?xml version="1.0" encoding="UTF-8"?>
<!-- Generated by org.testng.reporters.JUnitReportReporter -->
<testsuite hostname="Ragavi" failures="0" tests="1" name="com.wecare.DoctorTest.UpdateProfile_Test" time="11.497" errors="0" timestamp="2024-09-23T08:02:41 IST" skipped="0">
  <testcase classname="com.wecare.DoctorTest.UpdateProfile_Test" name="UpdateProfile" time="11.497"/>
  <system-out/>
</testsuite> <!-- com.wecare.DoctorTest.UpdateProfile_Test -->
