<?xml version="1.0" encoding="UTF-8"?>
<!-- Generated by org.testng.reporters.JUnitReportReporter -->
<testsuite hostname="Ragavi" failures="0" tests="1" name="com.wecare.DoctorTest.AddPatient_Test" time="9.357" errors="0" timestamp="2024-09-24T10:41:13 IST" skipped="0">
  <testcase classname="com.wecare.DoctorTest.AddPatient_Test" name="addPatient" time="9.357"/>
  <system-out/>
</testsuite> <!-- com.wecare.DoctorTest.AddPatient_Test -->
