<?xml version="1.0" encoding="UTF-8"?>
<!-- Generated by org.testng.reporters.JUnitReportReporter -->
<testsuite hostname="Ragavi" failures="0" tests="1" name="com.wecare.PatientTest.CreateAccount_Test" time="10.912" errors="0" timestamp="2024-09-24T10:40:51 IST" skipped="0">
  <testcase classname="com.wecare.PatientTest.CreateAccount_Test" name="createAccount" time="10.912"/>
  <system-out/>
</testsuite> <!-- com.wecare.PatientTest.CreateAccount_Test -->
