<?xml version="1.0" encoding="UTF-8"?>
<!-- Generated by org.testng.reporters.JUnitReportReporter -->
<testsuite hostname="Ragavi" failures="0" tests="1" name="com.wecare.AdminTest.PatientSessionLogs_Test" time="14.258" errors="0" timestamp="2024-09-22T11:37:41 IST" skipped="0">
  <testcase classname="com.wecare.AdminTest.PatientSessionLogs_Test" name="patientSessionLogs" time="14.258"/>
  <system-out/>
</testsuite> <!-- com.wecare.AdminTest.PatientSessionLogs_Test -->
