<?xml version="1.0" encoding="UTF-8"?>
<!-- Generated by org.testng.reporters.JUnitReportReporter -->
<testsuite hostname="Ragavi" failures="0" tests="1" name="com.wecare.PatientTest.BookAppointment_Test" time="14.884" errors="0" timestamp="2024-09-23T08:05:41 IST" skipped="0">
  <testcase classname="com.wecare.PatientTest.BookAppointment_Test" name="bookAppointment" time="14.884"/>
  <system-out/>
</testsuite> <!-- com.wecare.PatientTest.BookAppointment_Test -->
