<?xml version="1.0" encoding="UTF-8"?>
<!-- Generated by org.testng.reporters.JUnitReportReporter -->
<testsuite hostname="Ragavi" failures="0" tests="1" name="com.wecare.DoctorTest.CancelAppointment_Test" time="9.260" errors="0" timestamp="2024-09-23T09:48:30 IST" skipped="0">
  <testcase classname="com.wecare.DoctorTest.CancelAppointment_Test" name="cancelAppointment" time="9.260"/>
  <system-out/>
</testsuite> <!-- com.wecare.DoctorTest.CancelAppointment_Test -->
