<?xml version="1.0" encoding="UTF-8"?>
<!-- Generated by org.testng.reporters.JUnitReportReporter -->
<testsuite hostname="Ragavi" failures="0" tests="1" name="com.wecare.AdminTest.ManageDoctors_Test" time="14.333" errors="0" timestamp="2024-09-21T17:28:18 IST" skipped="0">
  <testcase classname="com.wecare.AdminTest.ManageDoctors_Test" name="manageDoctors" time="14.333"/>
  <system-out/>
</testsuite> <!-- com.wecare.AdminTest.ManageDoctors_Test -->
